Build started 4/30/2011 8:09:22 PM.
     1>Project "C:\Users\DarkSel\Documents\Visual Studio 2010\Projects\Slot Info\Slot Info\Slot Info.vcxproj" on node 2 (rebuild target(s)).
     1>_PrepareForClean:
         Deleting file "Release\Slot Info.lastbuildstate".
       InitializeBuildStatus:
         Creating "Release\Slot Info.unsuccessfulbuild" because "AlwaysCreate" was specified.
       ClCompile:
         C:\Program Files (x86)\Microsoft Visual Studio 10.0\VC\bin\CL.exe /c /Zi /nologo /W3 /WX- /O1 /Os /Oy- /GL /D WIN32 /D NDEBUG /D _CONSOLE /D _UNICODE /D UNICODE /Gm- /EHsc /MD /GS /Gy /fp:precise /Zc:wchar_t /Zc:forScope /Fo"Release\\" /Fd"Release\vc100.pdb" /Gd /TP /analyze- /errorReport:prompt "Slot Info.cpp" stdafx.cpp
         Slot Info.cpp
     1>Slot Info.cpp(138): warning C4996: 'strcpy': This function or variable may be unsafe. Consider using strcpy_s instead. To disable deprecation, use _CRT_SECURE_NO_WARNINGS. See online help for details.
                 C:\Program Files (x86)\Microsoft Visual Studio 10.0\VC\include\string.h(105) : see declaration of 'strcpy'
     1>Slot Info.cpp(173): warning C4996: 'sprintf': This function or variable may be unsafe. Consider using sprintf_s instead. To disable deprecation, use _CRT_SECURE_NO_WARNINGS. See online help for details.
                 C:\Program Files (x86)\Microsoft Visual Studio 10.0\VC\include\stdio.h(371) : see declaration of 'sprintf'
     1>Slot Info.cpp(329): warning C4996: 'sprintf': This function or variable may be unsafe. Consider using sprintf_s instead. To disable deprecation, use _CRT_SECURE_NO_WARNINGS. See online help for details.
                 C:\Program Files (x86)\Microsoft Visual Studio 10.0\VC\include\stdio.h(371) : see declaration of 'sprintf'
         stdafx.cpp
       ResourceCompile:
         C:\Program Files (x86)\Microsoft SDKs\Windows\v7.0A\bin\rc.exe /D _UNICODE /D UNICODE /l"0x0409" /nologo /fo"Release\Resource.res" ..\Resource.rc 
       Link:
         C:\Program Files (x86)\Microsoft Visual Studio 10.0\VC\bin\link.exe /ERRORREPORT:PROMPT /OUT:"C:\Users\DarkSel\Documents\Visual Studio 2010\Projects\Slot Info\Release\Slot Info.exe" /INCREMENTAL:NO /NOLOGO kernel32.lib user32.lib gdi32.lib winspool.lib comdlg32.lib advapi32.lib shell32.lib ole32.lib oleaut32.lib uuid.lib odbc32.lib odbccp32.lib /MANIFEST /ManifestFile:"Release\Slot Info.exe.intermediate.manifest" /MANIFESTUAC:"level='requireAdministrator' uiAccess='false'" /DEBUG /PDB:"C:\Users\DarkSel\Documents\Visual Studio 2010\Projects\Slot Info\Release\Slot Info.pdb" /SUBSYSTEM:CONSOLE /OPT:REF /OPT:ICF /LTCG /TLBID:1 /DYNAMICBASE /NXCOMPAT /IMPLIB:"C:\Users\DarkSel\Documents\Visual Studio 2010\Projects\Slot Info\Release\Slot Info.lib" /MACHINE:X86 Release\Resource.res
         "Release\Slot Info.obj"
         Release\stdafx.obj
         Generating code
         Finished generating code
         Slot Info.vcxproj -> C:\Users\DarkSel\Documents\Visual Studio 2010\Projects\Slot Info\Release\Slot Info.exe
       Manifest:
         C:\Program Files (x86)\Microsoft SDKs\Windows\v7.0A\bin\mt.exe /nologo /verbose /outputresource:"C:\Users\DarkSel\Documents\Visual Studio 2010\Projects\Slot Info\Release\Slot Info.exe;#1" /manifest "Release\Slot Info.exe.intermediate.manifest"
       FinalizeBuildStatus:
         Deleting file "Release\Slot Info.unsuccessfulbuild".
         Touching "Release\Slot Info.lastbuildstate".
     1>Done Building Project "C:\Users\DarkSel\Documents\Visual Studio 2010\Projects\Slot Info\Slot Info\Slot Info.vcxproj" (rebuild target(s)).

Build succeeded.

Time Elapsed 00:00:01.20
