C:\USERS\DARKSEL\DOCUMENTS\VISUAL STUDIO 2010\PROJECTS\SLOT INFO\RELEASE\SLOT INFO.EXE
C:\USERS\DARKSEL\DOCUMENTS\VISUAL STUDIO 2010\PROJECTS\SLOT INFO\RELEASE\SLOT INFO.PDB
C:\Users\DarkSel\Documents\Visual Studio 2010\Projects\Slot Info\Slot Info\Release\cl.command.1.tlog
C:\Users\DarkSel\Documents\Visual Studio 2010\Projects\Slot Info\Slot Info\Release\CL.read.1.tlog
C:\Users\DarkSel\Documents\Visual Studio 2010\Projects\Slot Info\Slot Info\Release\CL.write.1.tlog
C:\Users\DarkSel\Documents\Visual Studio 2010\Projects\Slot Info\Slot Info\Release\link.command.1.tlog
C:\Users\DarkSel\Documents\Visual Studio 2010\Projects\Slot Info\Slot Info\Release\link.read.1.tlog
C:\Users\DarkSel\Documents\Visual Studio 2010\Projects\Slot Info\Slot Info\Release\link.write.1.tlog
C:\Users\DarkSel\Documents\Visual Studio 2010\Projects\Slot Info\Slot Info\Release\link-cvtres.read.1.tlog
C:\Users\DarkSel\Documents\Visual Studio 2010\Projects\Slot Info\Slot Info\Release\link-cvtres.write.1.tlog
C:\Users\DarkSel\Documents\Visual Studio 2010\Projects\Slot Info\Slot Info\Release\mt.command.1.tlog
C:\Users\DarkSel\Documents\Visual Studio 2010\Projects\Slot Info\Slot Info\Release\mt.read.1.tlog
C:\Users\DarkSel\Documents\Visual Studio 2010\Projects\Slot Info\Slot Info\Release\mt.write.1.tlog
C:\Users\DarkSel\Documents\Visual Studio 2010\Projects\Slot Info\Slot Info\Release\rc.command.1.tlog
C:\Users\DarkSel\Documents\Visual Studio 2010\Projects\Slot Info\Slot Info\Release\rc.read.1.tlog
C:\Users\DarkSel\Documents\Visual Studio 2010\Projects\Slot Info\Slot Info\Release\rc.write.1.tlog
C:\USERS\DARKSEL\DOCUMENTS\VISUAL STUDIO 2010\PROJECTS\SLOT INFO\SLOT INFO\RELEASE\RESOURCE.RES
C:\USERS\DARKSEL\DOCUMENTS\VISUAL STUDIO 2010\PROJECTS\SLOT INFO\SLOT INFO\RELEASE\SLOT INFO.EXE.INTERMEDIATE.MANIFEST
C:\USERS\DARKSEL\DOCUMENTS\VISUAL STUDIO 2010\PROJECTS\SLOT INFO\SLOT INFO\RELEASE\SLOT INFO.OBJ
C:\USERS\DARKSEL\DOCUMENTS\VISUAL STUDIO 2010\PROJECTS\SLOT INFO\SLOT INFO\RELEASE\STDAFX.OBJ
C:\USERS\DARKSEL\DOCUMENTS\VISUAL STUDIO 2010\PROJECTS\SLOT INFO\SLOT INFO\RELEASE\VC100.PDB
