C:\USERS\DARKSEL\DOCUMENTS\VISUAL STUDIO 2010\PROJECTS\SLOT INFO\DEBUG\SLOT INFO.EXE
C:\USERS\DARKSEL\DOCUMENTS\VISUAL STUDIO 2010\PROJECTS\SLOT INFO\DEBUG\SLOT INFO.ILK
C:\USERS\DARKSEL\DOCUMENTS\VISUAL STUDIO 2010\PROJECTS\SLOT INFO\DEBUG\SLOT INFO.PDB
C:\Users\DarkSel\Documents\Visual Studio 2010\Projects\Slot Info\Slot Info\Debug\cl.command.1.tlog
C:\Users\DarkSel\Documents\Visual Studio 2010\Projects\Slot Info\Slot Info\Debug\CL.read.1.tlog
C:\Users\DarkSel\Documents\Visual Studio 2010\Projects\Slot Info\Slot Info\Debug\CL.write.1.tlog
C:\Users\DarkSel\Documents\Visual Studio 2010\Projects\Slot Info\Slot Info\Debug\link.4500.read.1.tlog
C:\Users\DarkSel\Documents\Visual Studio 2010\Projects\Slot Info\Slot Info\Debug\link.4500.write.1.tlog
C:\Users\DarkSel\Documents\Visual Studio 2010\Projects\Slot Info\Slot Info\Debug\link.4500-cvtres.read.1.tlog
C:\Users\DarkSel\Documents\Visual Studio 2010\Projects\Slot Info\Slot Info\Debug\link.4500-cvtres.write.1.tlog
C:\Users\DarkSel\Documents\Visual Studio 2010\Projects\Slot Info\Slot Info\Debug\link.command.1.tlog
C:\Users\DarkSel\Documents\Visual Studio 2010\Projects\Slot Info\Slot Info\Debug\link.read.1.tlog
C:\Users\DarkSel\Documents\Visual Studio 2010\Projects\Slot Info\Slot Info\Debug\link.write.1.tlog
C:\Users\DarkSel\Documents\Visual Studio 2010\Projects\Slot Info\Slot Info\Debug\link-cvtres.read.1.tlog
C:\Users\DarkSel\Documents\Visual Studio 2010\Projects\Slot Info\Slot Info\Debug\link-cvtres.write.1.tlog
C:\Users\DarkSel\Documents\Visual Studio 2010\Projects\Slot Info\Slot Info\Debug\mt.command.1.tlog
C:\Users\DarkSel\Documents\Visual Studio 2010\Projects\Slot Info\Slot Info\Debug\mt.read.1.tlog
C:\Users\DarkSel\Documents\Visual Studio 2010\Projects\Slot Info\Slot Info\Debug\mt.write.1.tlog
C:\Users\DarkSel\Documents\Visual Studio 2010\Projects\Slot Info\Slot Info\Debug\rc.command.1.tlog
C:\Users\DarkSel\Documents\Visual Studio 2010\Projects\Slot Info\Slot Info\Debug\rc.read.1.tlog
C:\Users\DarkSel\Documents\Visual Studio 2010\Projects\Slot Info\Slot Info\Debug\rc.write.1.tlog
C:\USERS\DARKSEL\DOCUMENTS\VISUAL STUDIO 2010\PROJECTS\SLOT INFO\SLOT INFO\DEBUG\SLOT INFO.EXE.EMBED.MANIFEST
C:\USERS\DARKSEL\DOCUMENTS\VISUAL STUDIO 2010\PROJECTS\SLOT INFO\SLOT INFO\DEBUG\SLOT INFO.EXE.EMBED.MANIFEST.RES
C:\USERS\DARKSEL\DOCUMENTS\VISUAL STUDIO 2010\PROJECTS\SLOT INFO\SLOT INFO\DEBUG\SLOT INFO.EXE.INTERMEDIATE.MANIFEST
C:\USERS\DARKSEL\DOCUMENTS\VISUAL STUDIO 2010\PROJECTS\SLOT INFO\SLOT INFO\DEBUG\SLOT INFO.OBJ
C:\Users\DarkSel\Documents\Visual Studio 2010\Projects\Slot Info\Slot Info\Debug\Slot Info_manifest.rc
C:\USERS\DARKSEL\DOCUMENTS\VISUAL STUDIO 2010\PROJECTS\SLOT INFO\SLOT INFO\DEBUG\STDAFX.OBJ
C:\Users\DarkSel\Documents\Visual Studio 2010\Projects\Slot Info\Slot Info\Debug\vc100.idb
C:\USERS\DARKSEL\DOCUMENTS\VISUAL STUDIO 2010\PROJECTS\SLOT INFO\SLOT INFO\DEBUG\VC100.PDB
