Build started 4/21/2011 1:03:41 PM.
     1>Project "C:\Users\DarkSel\Documents\Visual Studio 2010\Projects\Slot Info\Slot Info\Slot Info.vcxproj" on node 2 (rebuild target(s)).
     1>_PrepareForClean:
         Deleting file "Debug\Slot Info.lastbuildstate".
       InitializeBuildStatus:
         Creating "Debug\Slot Info.unsuccessfulbuild" because "AlwaysCreate" was specified.
       ClCompile:
         C:\Program Files (x86)\Microsoft Visual Studio 10.0\VC\bin\CL.exe /c /ZI /nologo /W3 /WX- /Od /Oy- /D WIN32 /D _DEBUG /D _CONSOLE /D _UNICODE /D UNICODE /Gm /EHsc /RTC1 /MDd /GS /fp:precise /Zc:wchar_t /Zc:forScope /Fo"Debug\\" /Fd"Debug\vc100.pdb" /Gd /TP /analyze- /errorReport:prompt "Slot Info.cpp" stdafx.cpp
         stdafx.cpp
         Slot Info.cpp
         Generating Code...
       ManifestResourceCompile:
         C:\Program Files (x86)\Microsoft SDKs\Windows\v7.0A\bin\rc.exe /nologo /fo"Debug\Slot Info.exe.embed.manifest.res" "Debug\Slot Info_manifest.rc" 
       Link:
         C:\Program Files (x86)\Microsoft Visual Studio 10.0\VC\bin\link.exe /ERRORREPORT:PROMPT /OUT:"C:\Users\DarkSel\Documents\Visual Studio 2010\Projects\Slot Info\Debug\Slot Info.exe" /INCREMENTAL /NOLOGO kernel32.lib user32.lib gdi32.lib winspool.lib comdlg32.lib advapi32.lib shell32.lib ole32.lib oleaut32.lib uuid.lib odbc32.lib odbccp32.lib /MANIFEST /ManifestFile:"Debug\Slot Info.exe.intermediate.manifest" /MANIFESTUAC:"level='asInvoker' uiAccess='false'" /DEBUG /PDB:"C:\Users\DarkSel\Documents\Visual Studio 2010\Projects\Slot Info\Debug\Slot Info.pdb" /SUBSYSTEM:CONSOLE /TLBID:1 /DYNAMICBASE /NXCOMPAT /IMPLIB:"C:\Users\DarkSel\Documents\Visual Studio 2010\Projects\Slot Info\Debug\Slot Info.lib" /MACHINE:X86 "Debug\Slot Info.exe.embed.manifest.res"
         "Debug\Slot Info.obj"
         Debug\stdafx.obj
       Manifest:
         Deleting file "Debug\Slot Info.exe.embed.manifest".
         C:\Program Files (x86)\Microsoft SDKs\Windows\v7.0A\bin\mt.exe /nologo /verbose /out:"Debug\Slot Info.exe.embed.manifest" /manifest "Debug\Slot Info.exe.intermediate.manifest"
         C:\Program Files (x86)\Microsoft SDKs\Windows\v7.0A\bin\rc.exe /nologo /fo"Debug\Slot Info.exe.embed.manifest.res" "Debug\Slot Info_manifest.rc" 
       LinkEmbedManifest:
         C:\Program Files (x86)\Microsoft Visual Studio 10.0\VC\bin\link.exe /ERRORREPORT:PROMPT /OUT:"C:\Users\DarkSel\Documents\Visual Studio 2010\Projects\Slot Info\Debug\Slot Info.exe" /INCREMENTAL /NOLOGO kernel32.lib user32.lib gdi32.lib winspool.lib comdlg32.lib advapi32.lib shell32.lib ole32.lib oleaut32.lib uuid.lib odbc32.lib odbccp32.lib /MANIFEST /ManifestFile:"Debug\Slot Info.exe.intermediate.manifest" /MANIFESTUAC:"level='asInvoker' uiAccess='false'" /DEBUG /PDB:"C:\Users\DarkSel\Documents\Visual Studio 2010\Projects\Slot Info\Debug\Slot Info.pdb" /SUBSYSTEM:CONSOLE /TLBID:1 /DYNAMICBASE /NXCOMPAT /IMPLIB:"C:\Users\DarkSel\Documents\Visual Studio 2010\Projects\Slot Info\Debug\Slot Info.lib" /MACHINE:X86 "Debug\Slot Info.exe.embed.manifest.res"
         "Debug\Slot Info.obj"
         Debug\stdafx.obj
         Slot Info.vcxproj -> C:\Users\DarkSel\Documents\Visual Studio 2010\Projects\Slot Info\Debug\Slot Info.exe
       FinalizeBuildStatus:
         Deleting file "Debug\Slot Info.unsuccessfulbuild".
         Touching "Debug\Slot Info.lastbuildstate".
     1>Done Building Project "C:\Users\DarkSel\Documents\Visual Studio 2010\Projects\Slot Info\Slot Info\Slot Info.vcxproj" (rebuild target(s)).

Build succeeded.

Time Elapsed 00:00:01.81
